CRITICAL - 2024-03-29 01:25:02 --> CodeIgniter\View\Exceptions\ViewException: Invalid file: "../layouts/default.php"
in SYSTEMPATH\Exceptions\FrameworkException.php on line 39.
 1 SYSTEMPATH\View\View.php(216): CodeIgniter\Exceptions\FrameworkException::forInvalidFile('../layouts/default.php')
 2 SYSTEMPATH\View\View.php(244): CodeIgniter\View\View->render('../layouts/default', [], true)
 3 SYSTEMPATH\Common.php(1178): CodeIgniter\View\View->render('pages/home/index', [], true)
 4 APPPATH\Controllers\HomeController.php(10): view('pages/home/index', [...])
 5 SYSTEMPATH\CodeIgniter.php(941): App\Controllers\HomeController->index()
 6 SYSTEMPATH\CodeIgniter.php(502): CodeIgniter\CodeIgniter->runController(Object(App\Controllers\HomeController))
 7 SYSTEMPATH\CodeIgniter.php(361): CodeIgniter\CodeIgniter->handleRequest(null, Object(Config\Cache), false)
 8 FCPATH\index.php(79): CodeIgniter\CodeIgniter->run()
CRITICAL - 2024-03-29 01:25:16 --> CodeIgniter\View\Exceptions\ViewException: Invalid file: "../layouts/default.php"
in SYSTEMPATH\Exceptions\FrameworkException.php on line 39.
 1 SYSTEMPATH\View\View.php(216): CodeIgniter\Exceptions\FrameworkException::forInvalidFile('../layouts/default.php')
 2 SYSTEMPATH\View\View.php(244): CodeIgniter\View\View->render('../layouts/default', [], true)
 3 SYSTEMPATH\Common.php(1178): CodeIgniter\View\View->render('pages/home/index', [], true)
 4 APPPATH\Controllers\HomeController.php(10): view('pages/home/index', [...])
 5 SYSTEMPATH\CodeIgniter.php(941): App\Controllers\HomeController->index()
 6 SYSTEMPATH\CodeIgniter.php(502): CodeIgniter\CodeIgniter->runController(Object(App\Controllers\HomeController))
 7 SYSTEMPATH\CodeIgniter.php(361): CodeIgniter\CodeIgniter->handleRequest(null, Object(Config\Cache), false)
 8 FCPATH\index.php(79): CodeIgniter\CodeIgniter->run()
CRITICAL - 2024-03-29 01:26:18 --> CodeIgniter\View\Exceptions\ViewException: Invalid file: "../layouts/default.php"
in SYSTEMPATH\Exceptions\FrameworkException.php on line 39.
 1 SYSTEMPATH\View\View.php(216): CodeIgniter\Exceptions\FrameworkException::forInvalidFile('../layouts/default.php')
 2 SYSTEMPATH\View\View.php(244): CodeIgniter\View\View->render('../layouts/default', [], true)
 3 SYSTEMPATH\Common.php(1178): CodeIgniter\View\View->render('pages/home/index', [], true)
 4 APPPATH\Controllers\HomeController.php(10): view('pages/home/index', [...])
 5 SYSTEMPATH\CodeIgniter.php(941): App\Controllers\HomeController->index()
 6 SYSTEMPATH\CodeIgniter.php(502): CodeIgniter\CodeIgniter->runController(Object(App\Controllers\HomeController))
 7 SYSTEMPATH\CodeIgniter.php(361): CodeIgniter\CodeIgniter->handleRequest(null, Object(Config\Cache), false)
 8 FCPATH\index.php(79): CodeIgniter\CodeIgniter->run()
CRITICAL - 2024-03-29 01:26:19 --> CodeIgniter\View\Exceptions\ViewException: Invalid file: "../layouts/default.php"
in SYSTEMPATH\Exceptions\FrameworkException.php on line 39.
 1 SYSTEMPATH\View\View.php(216): CodeIgniter\Exceptions\FrameworkException::forInvalidFile('../layouts/default.php')
 2 SYSTEMPATH\View\View.php(244): CodeIgniter\View\View->render('../layouts/default', [], true)
 3 SYSTEMPATH\Common.php(1178): CodeIgniter\View\View->render('pages/home/index', [], true)
 4 APPPATH\Controllers\HomeController.php(10): view('pages/home/index', [...])
 5 SYSTEMPATH\CodeIgniter.php(941): App\Controllers\HomeController->index()
 6 SYSTEMPATH\CodeIgniter.php(502): CodeIgniter\CodeIgniter->runController(Object(App\Controllers\HomeController))
 7 SYSTEMPATH\CodeIgniter.php(361): CodeIgniter\CodeIgniter->handleRequest(null, Object(Config\Cache), false)
 8 FCPATH\index.php(79): CodeIgniter\CodeIgniter->run()
CRITICAL - 2024-03-29 01:26:20 --> CodeIgniter\View\Exceptions\ViewException: Invalid file: "../layouts/default.php"
in SYSTEMPATH\Exceptions\FrameworkException.php on line 39.
 1 SYSTEMPATH\View\View.php(216): CodeIgniter\Exceptions\FrameworkException::forInvalidFile('../layouts/default.php')
 2 SYSTEMPATH\View\View.php(244): CodeIgniter\View\View->render('../layouts/default', [], true)
 3 SYSTEMPATH\Common.php(1178): CodeIgniter\View\View->render('pages/home/index', [], true)
 4 APPPATH\Controllers\HomeController.php(10): view('pages/home/index', [...])
 5 SYSTEMPATH\CodeIgniter.php(941): App\Controllers\HomeController->index()
 6 SYSTEMPATH\CodeIgniter.php(502): CodeIgniter\CodeIgniter->runController(Object(App\Controllers\HomeController))
 7 SYSTEMPATH\CodeIgniter.php(361): CodeIgniter\CodeIgniter->handleRequest(null, Object(Config\Cache), false)
 8 FCPATH\index.php(79): CodeIgniter\CodeIgniter->run()
CRITICAL - 2024-03-29 01:26:21 --> CodeIgniter\View\Exceptions\ViewException: Invalid file: "../layouts/default.php"
in SYSTEMPATH\Exceptions\FrameworkException.php on line 39.
 1 SYSTEMPATH\View\View.php(216): CodeIgniter\Exceptions\FrameworkException::forInvalidFile('../layouts/default.php')
 2 SYSTEMPATH\View\View.php(244): CodeIgniter\View\View->render('../layouts/default', [], true)
 3 SYSTEMPATH\Common.php(1178): CodeIgniter\View\View->render('pages/home/index', [], true)
 4 APPPATH\Controllers\HomeController.php(10): view('pages/home/index', [...])
 5 SYSTEMPATH\CodeIgniter.php(941): App\Controllers\HomeController->index()
 6 SYSTEMPATH\CodeIgniter.php(502): CodeIgniter\CodeIgniter->runController(Object(App\Controllers\HomeController))
 7 SYSTEMPATH\CodeIgniter.php(361): CodeIgniter\CodeIgniter->handleRequest(null, Object(Config\Cache), false)
 8 FCPATH\index.php(79): CodeIgniter\CodeIgniter->run()
CRITICAL - 2024-03-29 01:26:22 --> CodeIgniter\View\Exceptions\ViewException: Invalid file: "../layouts/default.php"
in SYSTEMPATH\Exceptions\FrameworkException.php on line 39.
 1 SYSTEMPATH\View\View.php(216): CodeIgniter\Exceptions\FrameworkException::forInvalidFile('../layouts/default.php')
 2 SYSTEMPATH\View\View.php(244): CodeIgniter\View\View->render('../layouts/default', [], true)
 3 SYSTEMPATH\Common.php(1178): CodeIgniter\View\View->render('pages/home/index', [], true)
 4 APPPATH\Controllers\HomeController.php(10): view('pages/home/index', [...])
 5 SYSTEMPATH\CodeIgniter.php(941): App\Controllers\HomeController->index()
 6 SYSTEMPATH\CodeIgniter.php(502): CodeIgniter\CodeIgniter->runController(Object(App\Controllers\HomeController))
 7 SYSTEMPATH\CodeIgniter.php(361): CodeIgniter\CodeIgniter->handleRequest(null, Object(Config\Cache), false)
 8 FCPATH\index.php(79): CodeIgniter\CodeIgniter->run()
CRITICAL - 2024-03-29 01:26:22 --> CodeIgniter\View\Exceptions\ViewException: Invalid file: "../layouts/default.php"
in SYSTEMPATH\Exceptions\FrameworkException.php on line 39.
 1 SYSTEMPATH\View\View.php(216): CodeIgniter\Exceptions\FrameworkException::forInvalidFile('../layouts/default.php')
 2 SYSTEMPATH\View\View.php(244): CodeIgniter\View\View->render('../layouts/default', [], true)
 3 SYSTEMPATH\Common.php(1178): CodeIgniter\View\View->render('pages/home/index', [], true)
 4 APPPATH\Controllers\HomeController.php(10): view('pages/home/index', [...])
 5 SYSTEMPATH\CodeIgniter.php(941): App\Controllers\HomeController->index()
 6 SYSTEMPATH\CodeIgniter.php(502): CodeIgniter\CodeIgniter->runController(Object(App\Controllers\HomeController))
 7 SYSTEMPATH\CodeIgniter.php(361): CodeIgniter\CodeIgniter->handleRequest(null, Object(Config\Cache), false)
 8 FCPATH\index.php(79): CodeIgniter\CodeIgniter->run()
CRITICAL - 2024-03-29 01:26:32 --> CodeIgniter\View\Exceptions\ViewException: Invalid file: "../layouts/layout.php"
in SYSTEMPATH\Exceptions\FrameworkException.php on line 39.
 1 SYSTEMPATH\View\View.php(216): CodeIgniter\Exceptions\FrameworkException::forInvalidFile('../layouts/layout.php')
 2 SYSTEMPATH\View\View.php(244): CodeIgniter\View\View->render('../layouts/layout', [], true)
 3 SYSTEMPATH\Common.php(1178): CodeIgniter\View\View->render('pages/home/index', [], true)
 4 APPPATH\Controllers\HomeController.php(10): view('pages/home/index', [...])
 5 SYSTEMPATH\CodeIgniter.php(941): App\Controllers\HomeController->index()
 6 SYSTEMPATH\CodeIgniter.php(502): CodeIgniter\CodeIgniter->runController(Object(App\Controllers\HomeController))
 7 SYSTEMPATH\CodeIgniter.php(361): CodeIgniter\CodeIgniter->handleRequest(null, Object(Config\Cache), false)
 8 FCPATH\index.php(79): CodeIgniter\CodeIgniter->run()
CRITICAL - 2024-03-29 01:26:34 --> CodeIgniter\View\Exceptions\ViewException: Invalid file: "../layouts/layout.php"
in SYSTEMPATH\Exceptions\FrameworkException.php on line 39.
 1 SYSTEMPATH\View\View.php(216): CodeIgniter\Exceptions\FrameworkException::forInvalidFile('../layouts/layout.php')
 2 SYSTEMPATH\View\View.php(244): CodeIgniter\View\View->render('../layouts/layout', [], true)
 3 SYSTEMPATH\Common.php(1178): CodeIgniter\View\View->render('pages/home/index', [], true)
 4 APPPATH\Controllers\HomeController.php(10): view('pages/home/index', [...])
 5 SYSTEMPATH\CodeIgniter.php(941): App\Controllers\HomeController->index()
 6 SYSTEMPATH\CodeIgniter.php(502): CodeIgniter\CodeIgniter->runController(Object(App\Controllers\HomeController))
 7 SYSTEMPATH\CodeIgniter.php(361): CodeIgniter\CodeIgniter->handleRequest(null, Object(Config\Cache), false)
 8 FCPATH\index.php(79): CodeIgniter\CodeIgniter->run()
CRITICAL - 2024-03-29 01:26:40 --> ErrorException: include(../sections/header.php): Failed to open stream: No such file or directory
in APPPATH\Views\layouts\layout.php on line 20.
 1 APPPATH\Views\layouts\layout.php(20): CodeIgniter\Debug\Exceptions->errorHandler(2, 'include(../sections/header.php): Failed to open stream: No such file or directory', 'C:\\xampp\\htdocs\\caseProject\\app\\Views\\layouts\\layout.php', 20)
 2 APPPATH\Views\layouts\layout.php(20): include()
 3 SYSTEMPATH\View\View.php(228): include('C:\\xampp\\htdocs\\caseProject\\app\\Views\\layouts\\layout.php')
 4 SYSTEMPATH\View\View.php(231): CodeIgniter\View\View->CodeIgniter\View\{closure}()
 5 SYSTEMPATH\View\View.php(244): CodeIgniter\View\View->render('layouts/layout', [], true)
 6 SYSTEMPATH\Common.php(1178): CodeIgniter\View\View->render('pages/home/index', [], true)
 7 APPPATH\Controllers\HomeController.php(10): view('pages/home/index', [...])
 8 SYSTEMPATH\CodeIgniter.php(941): App\Controllers\HomeController->index()
 9 SYSTEMPATH\CodeIgniter.php(502): CodeIgniter\CodeIgniter->runController(Object(App\Controllers\HomeController))
10 SYSTEMPATH\CodeIgniter.php(361): CodeIgniter\CodeIgniter->handleRequest(null, Object(Config\Cache), false)
11 FCPATH\index.php(79): CodeIgniter\CodeIgniter->run()
CRITICAL - 2024-03-29 01:27:06 --> ErrorException: include(sections/header.php): Failed to open stream: No such file or directory
in APPPATH\Views\layouts\layout.php on line 20.
 1 APPPATH\Views\layouts\layout.php(20): CodeIgniter\Debug\Exceptions->errorHandler(2, 'include(sections/header.php): Failed to open stream: No such file or directory', 'C:\\xampp\\htdocs\\caseProject\\app\\Views\\layouts\\layout.php', 20)
 2 APPPATH\Views\layouts\layout.php(20): include()
 3 SYSTEMPATH\View\View.php(228): include('C:\\xampp\\htdocs\\caseProject\\app\\Views\\layouts\\layout.php')
 4 SYSTEMPATH\View\View.php(231): CodeIgniter\View\View->CodeIgniter\View\{closure}()
 5 SYSTEMPATH\View\View.php(244): CodeIgniter\View\View->render('layouts/layout', [], true)
 6 SYSTEMPATH\Common.php(1178): CodeIgniter\View\View->render('pages/home/index', [], true)
 7 APPPATH\Controllers\HomeController.php(10): view('pages/home/index', [...])
 8 SYSTEMPATH\CodeIgniter.php(941): App\Controllers\HomeController->index()
 9 SYSTEMPATH\CodeIgniter.php(502): CodeIgniter\CodeIgniter->runController(Object(App\Controllers\HomeController))
10 SYSTEMPATH\CodeIgniter.php(361): CodeIgniter\CodeIgniter->handleRequest(null, Object(Config\Cache), false)
11 FCPATH\index.php(79): CodeIgniter\CodeIgniter->run()
CRITICAL - 2024-03-29 01:27:07 --> ErrorException: include(sections/header.php): Failed to open stream: No such file or directory
in APPPATH\Views\layouts\layout.php on line 20.
 1 APPPATH\Views\layouts\layout.php(20): CodeIgniter\Debug\Exceptions->errorHandler(2, 'include(sections/header.php): Failed to open stream: No such file or directory', 'C:\\xampp\\htdocs\\caseProject\\app\\Views\\layouts\\layout.php', 20)
 2 APPPATH\Views\layouts\layout.php(20): include()
 3 SYSTEMPATH\View\View.php(228): include('C:\\xampp\\htdocs\\caseProject\\app\\Views\\layouts\\layout.php')
 4 SYSTEMPATH\View\View.php(231): CodeIgniter\View\View->CodeIgniter\View\{closure}()
 5 SYSTEMPATH\View\View.php(244): CodeIgniter\View\View->render('layouts/layout', [], true)
 6 SYSTEMPATH\Common.php(1178): CodeIgniter\View\View->render('pages/home/index', [], true)
 7 APPPATH\Controllers\HomeController.php(10): view('pages/home/index', [...])
 8 SYSTEMPATH\CodeIgniter.php(941): App\Controllers\HomeController->index()
 9 SYSTEMPATH\CodeIgniter.php(502): CodeIgniter\CodeIgniter->runController(Object(App\Controllers\HomeController))
10 SYSTEMPATH\CodeIgniter.php(361): CodeIgniter\CodeIgniter->handleRequest(null, Object(Config\Cache), false)
11 FCPATH\index.php(79): CodeIgniter\CodeIgniter->run()
CRITICAL - 2024-03-29 01:27:08 --> ErrorException: include(sections/header.php): Failed to open stream: No such file or directory
in APPPATH\Views\layouts\layout.php on line 20.
 1 APPPATH\Views\layouts\layout.php(20): CodeIgniter\Debug\Exceptions->errorHandler(2, 'include(sections/header.php): Failed to open stream: No such file or directory', 'C:\\xampp\\htdocs\\caseProject\\app\\Views\\layouts\\layout.php', 20)
 2 APPPATH\Views\layouts\layout.php(20): include()
 3 SYSTEMPATH\View\View.php(228): include('C:\\xampp\\htdocs\\caseProject\\app\\Views\\layouts\\layout.php')
 4 SYSTEMPATH\View\View.php(231): CodeIgniter\View\View->CodeIgniter\View\{closure}()
 5 SYSTEMPATH\View\View.php(244): CodeIgniter\View\View->render('layouts/layout', [], true)
 6 SYSTEMPATH\Common.php(1178): CodeIgniter\View\View->render('pages/home/index', [], true)
 7 APPPATH\Controllers\HomeController.php(10): view('pages/home/index', [...])
 8 SYSTEMPATH\CodeIgniter.php(941): App\Controllers\HomeController->index()
 9 SYSTEMPATH\CodeIgniter.php(502): CodeIgniter\CodeIgniter->runController(Object(App\Controllers\HomeController))
10 SYSTEMPATH\CodeIgniter.php(361): CodeIgniter\CodeIgniter->handleRequest(null, Object(Config\Cache), false)
11 FCPATH\index.php(79): CodeIgniter\CodeIgniter->run()
CRITICAL - 2024-03-29 01:27:14 --> ErrorException: include(/sections/header.php): Failed to open stream: No such file or directory
in APPPATH\Views\layouts\layout.php on line 20.
 1 APPPATH\Views\layouts\layout.php(20): CodeIgniter\Debug\Exceptions->errorHandler(2, 'include(/sections/header.php): Failed to open stream: No such file or directory', 'C:\\xampp\\htdocs\\caseProject\\app\\Views\\layouts\\layout.php', 20)
 2 APPPATH\Views\layouts\layout.php(20): include()
 3 SYSTEMPATH\View\View.php(228): include('C:\\xampp\\htdocs\\caseProject\\app\\Views\\layouts\\layout.php')
 4 SYSTEMPATH\View\View.php(231): CodeIgniter\View\View->CodeIgniter\View\{closure}()
 5 SYSTEMPATH\View\View.php(244): CodeIgniter\View\View->render('layouts/layout', [], true)
 6 SYSTEMPATH\Common.php(1178): CodeIgniter\View\View->render('pages/home/index', [], true)
 7 APPPATH\Controllers\HomeController.php(10): view('pages/home/index', [...])
 8 SYSTEMPATH\CodeIgniter.php(941): App\Controllers\HomeController->index()
 9 SYSTEMPATH\CodeIgniter.php(502): CodeIgniter\CodeIgniter->runController(Object(App\Controllers\HomeController))
10 SYSTEMPATH\CodeIgniter.php(361): CodeIgniter\CodeIgniter->handleRequest(null, Object(Config\Cache), false)
11 FCPATH\index.php(79): CodeIgniter\CodeIgniter->run()
CRITICAL - 2024-03-29 01:27:16 --> ErrorException: include(/sections/header.php): Failed to open stream: No such file or directory
in APPPATH\Views\layouts\layout.php on line 20.
 1 APPPATH\Views\layouts\layout.php(20): CodeIgniter\Debug\Exceptions->errorHandler(2, 'include(/sections/header.php): Failed to open stream: No such file or directory', 'C:\\xampp\\htdocs\\caseProject\\app\\Views\\layouts\\layout.php', 20)
 2 APPPATH\Views\layouts\layout.php(20): include()
 3 SYSTEMPATH\View\View.php(228): include('C:\\xampp\\htdocs\\caseProject\\app\\Views\\layouts\\layout.php')
 4 SYSTEMPATH\View\View.php(231): CodeIgniter\View\View->CodeIgniter\View\{closure}()
 5 SYSTEMPATH\View\View.php(244): CodeIgniter\View\View->render('layouts/layout', [], true)
 6 SYSTEMPATH\Common.php(1178): CodeIgniter\View\View->render('pages/home/index', [], true)
 7 APPPATH\Controllers\HomeController.php(10): view('pages/home/index', [...])
 8 SYSTEMPATH\CodeIgniter.php(941): App\Controllers\HomeController->index()
 9 SYSTEMPATH\CodeIgniter.php(502): CodeIgniter\CodeIgniter->runController(Object(App\Controllers\HomeController))
10 SYSTEMPATH\CodeIgniter.php(361): CodeIgniter\CodeIgniter->handleRequest(null, Object(Config\Cache), false)
11 FCPATH\index.php(79): CodeIgniter\CodeIgniter->run()
CRITICAL - 2024-03-29 22:26:27 --> ErrorException: Array to string conversion
in APPPATH\Views\sections\header.php on line 39.
 1 APPPATH\Views\sections\header.php(39): CodeIgniter\Debug\Exceptions->errorHandler(2, 'Array to string conversion', 'C:\\xampp\\htdocs\\caseProject\\app\\Views\\sections\\header.php', 39)
 2 APPPATH\Views\layouts\layout.php(15): include('C:\\xampp\\htdocs\\caseProject\\app\\Views\\sections\\header.php')
 3 SYSTEMPATH\View\View.php(228): include('C:\\xampp\\htdocs\\caseProject\\app\\Views\\layouts\\layout.php')
 4 SYSTEMPATH\View\View.php(231): CodeIgniter\View\View->CodeIgniter\View\{closure}()
 5 SYSTEMPATH\View\View.php(244): CodeIgniter\View\View->render('layouts/layout', [], true)
 6 SYSTEMPATH\Common.php(1178): CodeIgniter\View\View->render('pages/home/index', [], true)
 7 APPPATH\Controllers\HomeController.php(10): view('pages/home/index', [...])
 8 SYSTEMPATH\CodeIgniter.php(941): App\Controllers\HomeController->index()
 9 SYSTEMPATH\CodeIgniter.php(502): CodeIgniter\CodeIgniter->runController(Object(App\Controllers\HomeController))
10 SYSTEMPATH\CodeIgniter.php(361): CodeIgniter\CodeIgniter->handleRequest(null, Object(Config\Cache), false)
11 FCPATH\index.php(79): CodeIgniter\CodeIgniter->run()
